Start testing: Jan 16 18:52 MSK
----------------------------------------------------------
1/2 Testing: parseDelimited.empty_data
1/2 Test: parseDelimited.empty_data
Command: "/mnt/c/Users/zip/Desktop/server/tasks/task-102/build/tests/parserTest" "--gtest_filter=parseDelimited.empty_data" "--gtest_also_run_disabled_tests"
Directory: /mnt/c/Users/zip/Desktop/server/tasks/task-102/build/tests
"parseDelimited.empty_data" start time: Jan 16 18:52 MSK
Output:
----------------------------------------------------------
Running main() from ./googletest/src/gtest_main.cc
Note: Google Test filter = parseDelimited.empty_data
[==========] Running 1 test from 1 test suite.
[----------] Global test environment set-up.
[----------] 1 test from parseDelimited
[ RUN      ] parseDelimited.empty_data
parseDelimited
10
parseDelimited
10
0
[       OK ] parseDelimited.empty_data (0 ms)
[----------] 1 test from parseDelimited (0 ms total)

[----------] Global test environment tear-down
[==========] 1 test from 1 test suite ran. (0 ms total)
[  PASSED  ] 1 test.
<end of output>
Test time =   0.05 sec
----------------------------------------------------------
Test Passed.
"parseDelimited.empty_data" end time: Jan 16 18:52 MSK
"parseDelimited.empty_data" time elapsed: 00:00:00
----------------------------------------------------------

2/2 Testing: parseDelimited.wrong_size
2/2 Test: parseDelimited.wrong_size
Command: "/mnt/c/Users/zip/Desktop/server/tasks/task-102/build/tests/parserTest" "--gtest_filter=parseDelimited.wrong_size" "--gtest_also_run_disabled_tests"
Directory: /mnt/c/Users/zip/Desktop/server/tasks/task-102/build/tests
"parseDelimited.wrong_size" start time: Jan 16 18:52 MSK
Output:
----------------------------------------------------------
Running main() from ./googletest/src/gtest_main.cc
Note: Google Test filter = parseDelimited.wrong_size
[==========] Running 1 test from 1 test suite.
[----------] Global test environment set-up.
[----------] 1 test from parseDelimited
[ RUN      ] parseDelimited.wrong_size
parseDelimited
0
parseDelimited
6
0
[       OK ] parseDelimited.wrong_size (0 ms)
[----------] 1 test from parseDelimited (0 ms total)

[----------] Global test environment tear-down
[==========] 1 test from 1 test suite ran. (0 ms total)
[  PASSED  ] 1 test.
<end of output>
Test time =   0.05 sec
----------------------------------------------------------
Test Passed.
"parseDelimited.wrong_size" end time: Jan 16 18:52 MSK
"parseDelimited.wrong_size" time elapsed: 00:00:00
----------------------------------------------------------

End testing: Jan 16 18:52 MSK
